[2m2:48:26 PM[22m [33m[1m[vite][22m[39m [33m[2m(client)[22m[39m [2m[console.warn] [22mThe style property `shadow-blur: 18` is invalid
[2m2:48:26 PM[22m [33m[1m[vite][22m[39m [33m[2m(client)[22m[39m [2m[console.warn] [22mThe style property `shadow-color: #6dff8f` is invalid
[2m2:48:26 PM[22m [33m[1m[vite][22m[39m [33m[2m(client)[22m[39m [2m[console.warn] [22mThe style property `shadow-offset-x: 0` is invalid
[2m2:48:26 PM[22m [33m[1m[vite][22m[39m [33m[2m(client)[22m[39m [2m[console.warn] [22mThe style property `shadow-offset-y: 0` is invalid
[2m2:48:26 PM[22m [33m[1m[vite][22m[39m [33m[2m(client)[22m[39m [2m[console.warn] [22mThe style property `shadow-opacity: 0.52` is invalid
[2m2:48:26 PM[22m [33m[1m[vite][22m[39m [33m[2m(client)[22m[39m [2m[console.warn] [22mThe style property `shadow-blur: 18` is invalid
[2m2:48:26 PM[22m [33m[1m[vite][22m[39m [33m[2m(client)[22m[39m [2m[console.warn] [22mThe style property `shadow-color: #6dff8f` is invalid
[2m2:48:26 PM[22m [33m[1m[vite][22m[39m [33m[2m(client)[22m[39m [2m[console.warn] [22mThe style property `shadow-offset-x: 0` is invalid
[2m2:48:26 PM[22m [33m[1m[vite][22m[39m [33m[2m(client)[22m[39m [2m[console.warn] [22mThe style property `shadow-offset-y: 0` is invalid
[2m2:48:26 PM[22m [33m[1m[vite][22m[39m [33m[2m(client)[22m[39m [2m[console.warn] [22mThe style property `shadow-opacity: 0.52` is invalid
[2m2:48:26 PM[22m [33m[1m[vite][22m[39m [33m[2m(client)[22m[39m [2m[console.warn] [22mThe style property `shadow-blur: 16` is invalid
[2m2:48:26 PM[22m [33m[1m[vite][22m[39m [33m[2m(client)[22m[39m [2m[console.warn] [22mThe style property `shadow-color: #4dffff` is invalid
[2m2:48:26 PM[22m [33m[1m[vite][22m[39m [33m[2m(client)[22m[39m [2m[console.warn] [22mThe style property `shadow-opacity: 0.45` is invalid
[2m2:48:26 PM[22m [33m[1m[vite][22m[39m [33m[2m(client)[22m[39m [2m[console.warn] [22mThe style property `shadow-blur: 18` is invalid
[2m2:48:26 PM[22m [33m[1m[vite][22m[39m [33m[2m(client)[22m[39m [2m[console.warn] [22mThe style property `shadow-color: #6dff8f` is invalid
[2m2:48:26 PM[22m [33m[1m[vite][22m[39m [33m[2m(client)[22m[39m [2m[console.warn] [22mThe style property `shadow-offset-x: 0` is invalid
[2m2:48:26 PM[22m [33m[1m[vite][22m[39m [33m[2m(client)[22m[39m [2m[console.warn] [22mThe style property `shadow-offset-y: 0` is invalid
[2m2:48:26 PM[22m [33m[1m[vite][22m[39m [33m[2m(client)[22m[39m [2m[console.warn] [22mThe style property `shadow-opacity: 0.52` is invalid
[2m2:48:26 PM[22m [33m[1m[vite][22m[39m [33m[2m(client)[22m[39m [2m[console.warn] [22mThe style property `shadow-blur: 18` is invalid
[2m2:48:26 PM[22m [33m[1m[vite][22m[39m [33m[2m(client)[22m[39m [2m[console.warn] [22mThe style property `shadow-color: #6dff8f` is invalid
[2m2:48:26 PM[22m [33m[1m[vite][22m[39m [33m[2m(client)[22m[39m [2m[console.warn] [22mThe style property `shadow-offset-x: 0` is invalid
[2m2:48:26 PM[22m [33m[1m[vite][22m[39m [33m[2m(client)[22m[39m [2m[console.warn] [22mThe style property `shadow-offset-y: 0` is invalid
[2m2:48:26 PM[22m [33m[1m[vite][22m[39m [33m[2m(client)[22m[39m [2m[console.warn] [22mThe style property `shadow-opacity: 0.52` is invalid
[2m2:48:26 PM[22m [33m[1m[vite][22m[39m [33m[2m(client)[22m[39m [2m[console.warn] [22mThe style property `shadow-blur: 18` is invalid
[2m2:48:26 PM[22m [33m[1m[vite][22m[39m [33m[2m(client)[22m[39m [2m[console.warn] [22mThe style property `shadow-color: #6dff8f` is invalid
[2m2:48:26 PM[22m [33m[1m[vite][22m[39m [33m[2m(client)[22m[39m [2m[console.warn] [22mThe style property `shadow-offset-x: 0` is invalid
[2m2:48:26 PM[22m [33m[1m[vite][22m[39m [33m[2m(client)[22m[39m [2m[console.warn] [22mThe style property `shadow-offset-y: 0` is invalid
[2m2:48:26 PM[22m [33m[1m[vite][22m[39m [33m[2m(client)[22m[39m [2m[console.warn] [22mThe style property `shadow-opacity: 0.52` is invalid
[2m2:48:26 PM[22m [33m[1m[vite][22m[39m [33m[2m(client)[22m[39m [2m[console.warn] [22mThe style property `shadow-blur: 18` is invalid
[2m2:48:26 PM[22m [33m[1m[vite][22m[39m [33m[2m(client)[22m[39m [2m[console.warn] [22mThe style property `shadow-color: #6dff8f` is invalid
[2m2:48:26 PM[22m [33m[1m[vite][22m[39m [33m[2m(client)[22m[39m [2m[console.warn] [22mThe style property `shadow-offset-x: 0` is invalid
[2m2:48:26 PM[22m [33m[1m[vite][22m[39m [33m[2m(client)[22m[39m [2m[console.warn] [22mThe style property `shadow-offset-y: 0` is invalid
[2m2:48:26 PM[22m [33m[1m[vite][22m[39m [33m[2m(client)[22m[39m [2m[console.warn] [22mThe style property `shadow-opacity: 0.52` is invalid
[2m2:48:26 PM[22m [33m[1m[vite][22m[39m [33m[2m(client)[22m[39m [2m[console.warn] [22mThe style property `shadow-blur: 16` is invalid
[2m2:48:26 PM[22m [33m[1m[vite][22m[39m [33m[2m(client)[22m[39m [2m[console.warn] [22mThe style property `shadow-color: #4dffff` is invalid
[2m2:48:26 PM[22m [33m[1m[vite][22m[39m [33m[2m(client)[22m[39m [2m[console.warn] [22mThe style property `shadow-opacity: 0.45` is invalid
[2m2:48:26 PM[22m [33m[1m[vite][22m[39m [33m[2m(client)[22m[39m [2m[console.warn] [22mThe style property `shadow-blur: 18` is invalid
[2m2:48:26 PM[22m [33m[1m[vite][22m[39m [33m[2m(client)[22m[39m [2m[console.warn] [22mThe style property `shadow-color: #6dff8f` is invalid
[2m2:48:26 PM[22m [33m[1m[vite][22m[39m [33m[2m(client)[22m[39m [2m[console.warn] [22mThe style property `shadow-offset-x: 0` is invalid
[2m2:48:26 PM[22m [33m[1m[vite][22m[39m [33m[2m(client)[22m[39m [2m[console.warn] [22mThe style property `shadow-offset-y: 0` is invalid
[2m2:48:26 PM[22m [33m[1m[vite][22m[39m [33m[2m(client)[22m[39m [2m[console.warn] [22mThe style property `shadow-opacity: 0.52` is invalid
[2m2:48:26 PM[22m [33m[1m[vite][22m[39m [33m[2m(client)[22m[39m [2m[console.warn] [22mThe style property `shadow-blur: 18` is invalid
[2m2:48:26 PM[22m [33m[1m[vite][22m[39m [33m[2m(client)[22m[39m [2m[console.warn] [22mThe style property `shadow-color: #6dff8f` is invalid
[2m2:48:26 PM[22m [33m[1m[vite][22m[39m [33m[2m(client)[22m[39m [2m[console.warn] [22mThe style property `shadow-offset-x: 0` is invalid
[2m2:48:26 PM[22m [33m[1m[vite][22m[39m [33m[2m(client)[22m[39m [2m[console.warn] [22mThe style property `shadow-offset-y: 0` is invalid
[2m2:48:26 PM[22m [33m[1m[vite][22m[39m [33m[2m(client)[22m[39m [2m[console.warn] [22mThe style property `shadow-opacity: 0.52` is invalid
[2m2:48:26 PM[22m [33m[1m[vite][22m[39m [33m[2m(client)[22m[39m [2m[console.warn] [22mThe style property `shadow-blur: 18` is invalid
[2m2:48:26 PM[22m [33m[1m[vite][22m[39m [33m[2m(client)[22m[39m [2m[console.warn] [22mThe style property `shadow-color: #6dff8f` is invalid
[2m2:48:26 PM[22m [33m[1m[vite][22m[39m [33m[2m(client)[22m[39m [2m[console.warn] [22mThe style property `shadow-offset-x: 0` is invalid
[2m2:48:26 PM[22m [33m[1m[vite][22m[39m [33m[2m(client)[22m[39m [2m[console.warn] [22mThe style property `shadow-offset-y: 0` is invalid
[2m2:48:26 PM[22m [33m[1m[vite][22m[39m [33m[2m(client)[22m[39m [2m[console.warn] [22mThe style property `shadow-opacity: 0.52` is invalid
[2m2:48:26 PM[22m [33m[1m[vite][22m[39m [33m[2m(client)[22m[39m [2m[console.warn] [22mThe style property `shadow-blur: 18` is invalid
[2m2:48:26 PM[22m [33m[1m[vite][22m[39m [33m[2m(client)[22m[39m [2m[console.warn] [22mThe style property `shadow-color: #6dff8f` is invalid
[2m2:48:26 PM[22m [33m[1m[vite][22m[39m [33m[2m(client)[22m[39m [2m[console.warn] [22mThe style property `shadow-offset-x: 0` is invalid
[2m2:48:26 PM[22m [33m[1m[vite][22m[39m [33m[2m(client)[22m[39m [2m[console.warn] [22mThe style property `shadow-offset-y: 0` is invalid
[2m2:48:26 PM[22m [33m[1m[vite][22m[39m [33m[2m(client)[22m[39m [2m[console.warn] [22mThe style property `shadow-opacity: 0.52` is invalid
[2m2:48:26 PM[22m [33m[1m[vite][22m[39m [33m[2m(client)[22m[39m [2m[console.warn] [22mThe style property `shadow-blur: 16` is invalid
[2m2:48:26 PM[22m [33m[1m[vite][22m[39m [33m[2m(client)[22m[39m [2m[console.warn] [22mThe style property `shadow-color: #4dffff` is invalid
[2m2:48:26 PM[22m [33m[1m[vite][22m[39m [33m[2m(client)[22m[39m [2m[console.warn] [22mThe style property `shadow-opacity: 0.45` is invalid
[2m2:48:26 PM[22m [33m[1m[vite][22m[39m [33m[2m(client)[22m[39m [2m[console.warn] [22mThe style property `shadow-blur: 18` is invalid
[2m2:48:26 PM[22m [33m[1m[vite][22m[39m [33m[2m(client)[22m[39m [2m[console.warn] [22mThe style property `shadow-color: #6dff8f` is invalid
[2m2:48:26 PM[22m [33m[1m[vite][22m[39m [33m[2m(client)[22m[39m [2m[console.warn] [22mThe style property `shadow-offset-x: 0` is invalid
[2m2:48:26 PM[22m [33m[1m[vite][22m[39m [33m[2m(client)[22m[39m [2m[console.warn] [22mThe style property `shadow-offset-y: 0` is invalid
[2m2:48:26 PM[22m [33m[1m[vite][22m[39m [33m[2m(client)[22m[39m [2m[console.warn] [22mThe style property `shadow-opacity: 0.52` is invalid
[2m2:48:26 PM[22m [33m[1m[vite][22m[39m [33m[2m(client)[22m[39m [2m[console.warn] [22mThe style property `shadow-blur: 18` is invalid
[2m2:48:26 PM[22m [33m[1m[vite][22m[39m [33m[2m(client)[22m[39m [2m[console.warn] [22mThe style property `shadow-color: #6dff8f` is invalid
[2m2:48:26 PM[22m [33m[1m[vite][22m[39m [33m[2m(client)[22m[39m [2m[console.warn] [22mThe style property `shadow-offset-x: 0` is invalid
[2m2:48:26 PM[22m [33m[1m[vite][22m[39m [33m[2m(client)[22m[39m [2m[console.warn] [22mThe style property `shadow-offset-y: 0` is invalid
[2m2:48:26 PM[22m [33m[1m[vite][22m[39m [33m[2m(client)[22m[39m [2m[console.warn] [22mThe style property `shadow-opacity: 0.52` is invalid
[2m2:57:52 PM[22m [31m[1m[vite][22m[39m [31m[2m(client)[22m[39m [31m[Unhandled error] [1mTypeError[22m: Cannot read properties of null (reading 'isHeadless')
[39m > Core.headless node_modules/cytoscape/dist/cytoscape.esm.mjs:20003:34
 > boundingBoxImpl node_modules/cytoscape/dist/cytoscape.esm.mjs:11542:20
 > cachedBoundingBoxImpl node_modules/cytoscape/dist/cytoscape.esm.mjs:11831:9
 > elesfn$b.boundingBox node_modules/cytoscape/dist/cytoscape.esm.mjs:11923:34
 > Core.getFitViewport node_modules/cytoscape/dist/cytoscape.esm.mjs:19446:24
 > Core.fit node_modules/cytoscape/dist/cytoscape.esm.mjs:19405:29
 > src/components/GraphExplorer.tsx:590:9
    588 |      window.requestAnimationFrame(() => {
    589 |        cy.resize();
    590 |        cy.fit(cy.elements(), 48);
        |           ^
    591 |        cy.center(cy.elements());
    592 |      });

[2m2:58:06 PM[22m [31m[1m[vite][22m[39m [31m[2m(client)[22m[39m [31m[Unhandled error] [1mTypeError[22m: Cannot read properties of null (reading 'isHeadless')
[39m > Core.headless node_modules/cytoscape/dist/cytoscape.esm.mjs:20003:34
 > boundingBoxImpl node_modules/cytoscape/dist/cytoscape.esm.mjs:11542:20
 > cachedBoundingBoxImpl node_modules/cytoscape/dist/cytoscape.esm.mjs:11831:9
 > elesfn$b.boundingBox node_modules/cytoscape/dist/cytoscape.esm.mjs:11923:34
 > Core.getFitViewport node_modules/cytoscape/dist/cytoscape.esm.mjs:19446:24
 > Core.fit node_modules/cytoscape/dist/cytoscape.esm.mjs:19405:29
 > src/components/GraphExplorer.tsx:590:9
    588 |      window.requestAnimationFrame(() => {
    589 |        cy.resize();
    590 |        cy.fit(cy.elements(), 48);
        |           ^
    591 |        cy.center(cy.elements());
    592 |      });

[2m2:58:11 PM[22m [31m[1m[vite][22m[39m [31m[2m(client)[22m[39m [31m[Unhandled error] [1mTypeError[22m: Cannot read properties of null (reading 'isHeadless')
[39m > Core.headless node_modules/cytoscape/dist/cytoscape.esm.mjs:20003:34
 > boundingBoxImpl node_modules/cytoscape/dist/cytoscape.esm.mjs:11542:20
 > cachedBoundingBoxImpl node_modules/cytoscape/dist/cytoscape.esm.mjs:11831:9
 > elesfn$b.boundingBox node_modules/cytoscape/dist/cytoscape.esm.mjs:11923:34
 > Core.getFitViewport node_modules/cytoscape/dist/cytoscape.esm.mjs:19446:24
 > Core.fit node_modules/cytoscape/dist/cytoscape.esm.mjs:19405:29
 > src/components/GraphExplorer.tsx:590:9
    588 |      window.requestAnimationFrame(() => {
    589 |        cy.resize();
    590 |        cy.fit(cy.elements(), 48);
        |           ^
    591 |        cy.center(cy.elements());
    592 |      });

[2m2:58:38 PM[22m [31m[1m[vite][22m[39m [31m[2m(client)[22m[39m [31m[Unhandled error] [1mTypeError[22m: Cannot read properties of null (reading 'isHeadless')
[39m > Core.headless node_modules/cytoscape/dist/cytoscape.esm.mjs:20003:34
 > boundingBoxImpl node_modules/cytoscape/dist/cytoscape.esm.mjs:11542:20
 > cachedBoundingBoxImpl node_modules/cytoscape/dist/cytoscape.esm.mjs:11831:9
 > elesfn$b.boundingBox node_modules/cytoscape/dist/cytoscape.esm.mjs:11923:34
 > Core.getFitViewport node_modules/cytoscape/dist/cytoscape.esm.mjs:19446:24
 > Core.fit node_modules/cytoscape/dist/cytoscape.esm.mjs:19405:29
 > src/components/GraphExplorer.tsx:590:9
    588 |      window.requestAnimationFrame(() => {
    589 |        cy.resize();
    590 |        cy.fit(cy.elements(), 48);
        |           ^
    591 |        cy.center(cy.elements());
    592 |      });

[2m2:58:46 PM[22m [31m[1m[vite][22m[39m [31m[2m(client)[22m[39m [31m[Unhandled error] [1mTypeError[22m: Cannot read properties of null (reading 'isHeadless')
[39m > Core.headless node_modules/cytoscape/dist/cytoscape.esm.mjs:20003:34
 > boundingBoxImpl node_modules/cytoscape/dist/cytoscape.esm.mjs:11542:20
 > cachedBoundingBoxImpl node_modules/cytoscape/dist/cytoscape.esm.mjs:11831:9
 > elesfn$b.boundingBox node_modules/cytoscape/dist/cytoscape.esm.mjs:11923:34
 > Core.getFitViewport node_modules/cytoscape/dist/cytoscape.esm.mjs:19446:24
 > Core.fit node_modules/cytoscape/dist/cytoscape.esm.mjs:19405:29
 > src/components/GraphExplorer.tsx:590:9
    588 |      window.requestAnimationFrame(() => {
    589 |        cy.resize();
    590 |        cy.fit(cy.elements(), 48);
        |           ^
    591 |        cy.center(cy.elements());
    592 |      });

[2m2:59:25 PM[22m [31m[1m[vite][22m[39m [31m[2m(client)[22m[39m [31m[Unhandled error] [1mTypeError[22m: Cannot read properties of null (reading 'isHeadless')
[39m > Core.headless node_modules/cytoscape/dist/cytoscape.esm.mjs:20003:34
 > boundingBoxImpl node_modules/cytoscape/dist/cytoscape.esm.mjs:11542:20
 > cachedBoundingBoxImpl node_modules/cytoscape/dist/cytoscape.esm.mjs:11831:9
 > elesfn$b.boundingBox node_modules/cytoscape/dist/cytoscape.esm.mjs:11923:34
 > Core.getFitViewport node_modules/cytoscape/dist/cytoscape.esm.mjs:19446:24
 > Core.fit node_modules/cytoscape/dist/cytoscape.esm.mjs:19405:29
 > src/components/GraphExplorer.tsx:590:9
    588 |      window.requestAnimationFrame(() => {
    589 |        cy.resize();
    590 |        cy.fit(cy.elements(), 48);
        |           ^
    591 |        cy.center(cy.elements());
    592 |      });

[2m2:59:29 PM[22m [31m[1m[vite][22m[39m [31m[2m(client)[22m[39m [31m[Unhandled error] [1mTypeError[22m: Cannot read properties of null (reading 'isHeadless')
[39m > Core.headless node_modules/cytoscape/dist/cytoscape.esm.mjs:20003:34
 > boundingBoxImpl node_modules/cytoscape/dist/cytoscape.esm.mjs:11542:20
 > cachedBoundingBoxImpl node_modules/cytoscape/dist/cytoscape.esm.mjs:11831:9
 > elesfn$b.boundingBox node_modules/cytoscape/dist/cytoscape.esm.mjs:11923:34
 > Core.getFitViewport node_modules/cytoscape/dist/cytoscape.esm.mjs:19446:24
 > Core.fit node_modules/cytoscape/dist/cytoscape.esm.mjs:19405:29
 > src/components/GraphExplorer.tsx:590:9
    588 |      window.requestAnimationFrame(() => {
    589 |        cy.resize();
    590 |        cy.fit(cy.elements(), 48);
        |           ^
    591 |        cy.center(cy.elements());
    592 |      });

[2m3:00:55 PM[22m [31m[1m[vite][22m[39m [31m[2m(client)[22m[39m [31m[Unhandled error] [1mTypeError[22m: Cannot read properties of null (reading 'isHeadless')
[39m > Core.headless node_modules/cytoscape/dist/cytoscape.esm.mjs:20003:34
 > boundingBoxImpl node_modules/cytoscape/dist/cytoscape.esm.mjs:11542:20
 > cachedBoundingBoxImpl node_modules/cytoscape/dist/cytoscape.esm.mjs:11831:9
 > elesfn$b.boundingBox node_modules/cytoscape/dist/cytoscape.esm.mjs:11923:34
 > Core.getFitViewport node_modules/cytoscape/dist/cytoscape.esm.mjs:19446:24
 > Core.fit node_modules/cytoscape/dist/cytoscape.esm.mjs:19405:29
 > src/components/GraphExplorer.tsx:590:9
    588 |      window.requestAnimationFrame(() => {
    589 |        cy.resize();
    590 |        cy.fit(cy.elements(), 48);
        |           ^
    591 |        cy.center(cy.elements());
    592 |      });

[2m3:01:03 PM[22m [31m[1m[vite][22m[39m [31m[2m(client)[22m[39m [31m[Unhandled error] [1mTypeError[22m: Cannot read properties of null (reading 'isHeadless')
[39m > Core.headless node_modules/cytoscape/dist/cytoscape.esm.mjs:20003:34
 > boundingBoxImpl node_modules/cytoscape/dist/cytoscape.esm.mjs:11542:20
 > cachedBoundingBoxImpl node_modules/cytoscape/dist/cytoscape.esm.mjs:11831:9
 > elesfn$b.boundingBox node_modules/cytoscape/dist/cytoscape.esm.mjs:11923:34
 > Core.getFitViewport node_modules/cytoscape/dist/cytoscape.esm.mjs:19446:24
 > Core.fit node_modules/cytoscape/dist/cytoscape.esm.mjs:19405:29
 > src/components/GraphExplorer.tsx:590:9
    588 |      window.requestAnimationFrame(() => {
    589 |        cy.resize();
    590 |        cy.fit(cy.elements(), 48);
        |           ^
    591 |        cy.center(cy.elements());
    592 |      });

[2m3:01:07 PM[22m [31m[1m[vite][22m[39m [31m[2m(client)[22m[39m [31m[Unhandled error] [1mTypeError[22m: Cannot read properties of null (reading 'isHeadless')
[39m > Core.headless node_modules/cytoscape/dist/cytoscape.esm.mjs:20003:34
 > boundingBoxImpl node_modules/cytoscape/dist/cytoscape.esm.mjs:11542:20
 > cachedBoundingBoxImpl node_modules/cytoscape/dist/cytoscape.esm.mjs:11831:9
 > elesfn$b.boundingBox node_modules/cytoscape/dist/cytoscape.esm.mjs:11923:34
 > Core.getFitViewport node_modules/cytoscape/dist/cytoscape.esm.mjs:19446:24
 > Core.fit node_modules/cytoscape/dist/cytoscape.esm.mjs:19405:29
 > src/components/GraphExplorer.tsx:590:9
    588 |      window.requestAnimationFrame(() => {
    589 |        cy.resize();
    590 |        cy.fit(cy.elements(), 48);
        |           ^
    591 |        cy.center(cy.elements());
    592 |      });

[2m3:01:10 PM[22m [31m[1m[vite][22m[39m [31m[2m(client)[22m[39m [31m[Unhandled error] [1mTypeError[22m: Cannot read properties of null (reading 'isHeadless')
[39m > Core.headless node_modules/cytoscape/dist/cytoscape.esm.mjs:20003:34
 > boundingBoxImpl node_modules/cytoscape/dist/cytoscape.esm.mjs:11542:20
 > cachedBoundingBoxImpl node_modules/cytoscape/dist/cytoscape.esm.mjs:11831:9
 > elesfn$b.boundingBox node_modules/cytoscape/dist/cytoscape.esm.mjs:11923:34
 > Core.getFitViewport node_modules/cytoscape/dist/cytoscape.esm.mjs:19446:24
 > Core.fit node_modules/cytoscape/dist/cytoscape.esm.mjs:19405:29
 > src/components/GraphExplorer.tsx:590:9
    588 |      window.requestAnimationFrame(() => {
    589 |        cy.resize();
    590 |        cy.fit(cy.elements(), 48);
        |           ^
    591 |        cy.center(cy.elements());
    592 |      });

[2m3:01:12 PM[22m [31m[1m[vite][22m[39m [31m[2m(client)[22m[39m [31m[Unhandled error] [1mTypeError[22m: Cannot read properties of null (reading 'isHeadless')
[39m > Core.headless node_modules/cytoscape/dist/cytoscape.esm.mjs:20003:34
 > boundingBoxImpl node_modules/cytoscape/dist/cytoscape.esm.mjs:11542:20
 > cachedBoundingBoxImpl node_modules/cytoscape/dist/cytoscape.esm.mjs:11831:9
 > elesfn$b.boundingBox node_modules/cytoscape/dist/cytoscape.esm.mjs:11923:34
 > Core.getFitViewport node_modules/cytoscape/dist/cytoscape.esm.mjs:19446:24
 > Core.fit node_modules/cytoscape/dist/cytoscape.esm.mjs:19405:29
 > src/components/GraphExplorer.tsx:590:9
    588 |      window.requestAnimationFrame(() => {
    589 |        cy.resize();
    590 |        cy.fit(cy.elements(), 48);
        |           ^
    591 |        cy.center(cy.elements());
    592 |      });

[2m3:01:14 PM[22m [31m[1m[vite][22m[39m [31m[2m(client)[22m[39m [31m[Unhandled error] [1mTypeError[22m: Cannot read properties of null (reading 'isHeadless')
[39m > Core.headless node_modules/cytoscape/dist/cytoscape.esm.mjs:20003:34
 > boundingBoxImpl node_modules/cytoscape/dist/cytoscape.esm.mjs:11542:20
 > cachedBoundingBoxImpl node_modules/cytoscape/dist/cytoscape.esm.mjs:11831:9
 > elesfn$b.boundingBox node_modules/cytoscape/dist/cytoscape.esm.mjs:11923:34
 > Core.getFitViewport node_modules/cytoscape/dist/cytoscape.esm.mjs:19446:24
 > Core.fit node_modules/cytoscape/dist/cytoscape.esm.mjs:19405:29
 > src/components/GraphExplorer.tsx:590:9
    588 |      window.requestAnimationFrame(() => {
    589 |        cy.resize();
    590 |        cy.fit(cy.elements(), 48);
        |           ^
    591 |        cy.center(cy.elements());
    592 |      });

[2m3:01:16 PM[22m [31m[1m[vite][22m[39m [31m[2m(client)[22m[39m [31m[Unhandled error] [1mTypeError[22m: Cannot read properties of null (reading 'isHeadless')
[39m > Core.headless node_modules/cytoscape/dist/cytoscape.esm.mjs:20003:34
 > boundingBoxImpl node_modules/cytoscape/dist/cytoscape.esm.mjs:11542:20
 > cachedBoundingBoxImpl node_modules/cytoscape/dist/cytoscape.esm.mjs:11831:9
 > elesfn$b.boundingBox node_modules/cytoscape/dist/cytoscape.esm.mjs:11923:34
 > Core.getFitViewport node_modules/cytoscape/dist/cytoscape.esm.mjs:19446:24
 > Core.fit node_modules/cytoscape/dist/cytoscape.esm.mjs:19405:29
 > src/components/GraphExplorer.tsx:590:9
    588 |      window.requestAnimationFrame(() => {
    589 |        cy.resize();
    590 |        cy.fit(cy.elements(), 48);
        |           ^
    591 |        cy.center(cy.elements());
    592 |      });

[2m3:01:17 PM[22m [31m[1m[vite][22m[39m [31m[2m(client)[22m[39m [31m[Unhandled error] [1mTypeError[22m: Cannot read properties of null (reading 'isHeadless')
[39m > Core.headless node_modules/cytoscape/dist/cytoscape.esm.mjs:20003:34
 > boundingBoxImpl node_modules/cytoscape/dist/cytoscape.esm.mjs:11542:20
 > cachedBoundingBoxImpl node_modules/cytoscape/dist/cytoscape.esm.mjs:11831:9
 > elesfn$b.boundingBox node_modules/cytoscape/dist/cytoscape.esm.mjs:11923:34
 > Core.getFitViewport node_modules/cytoscape/dist/cytoscape.esm.mjs:19446:24
 > Core.fit node_modules/cytoscape/dist/cytoscape.esm.mjs:19405:29
 > src/components/GraphExplorer.tsx:590:9
    588 |      window.requestAnimationFrame(() => {
    589 |        cy.resize();
    590 |        cy.fit(cy.elements(), 48);
        |           ^
    591 |        cy.center(cy.elements());
    592 |      });

[2m3:01:19 PM[22m [31m[1m[vite][22m[39m [31m[2m(client)[22m[39m [31m[Unhandled error] [1mTypeError[22m: Cannot read properties of null (reading 'isHeadless')
[39m > Core.headless node_modules/cytoscape/dist/cytoscape.esm.mjs:20003:34
 > boundingBoxImpl node_modules/cytoscape/dist/cytoscape.esm.mjs:11542:20
 > cachedBoundingBoxImpl node_modules/cytoscape/dist/cytoscape.esm.mjs:11831:9
 > elesfn$b.boundingBox node_modules/cytoscape/dist/cytoscape.esm.mjs:11923:34
 > Core.getFitViewport node_modules/cytoscape/dist/cytoscape.esm.mjs:19446:24
 > Core.fit node_modules/cytoscape/dist/cytoscape.esm.mjs:19405:29
 > src/components/GraphExplorer.tsx:590:9
    588 |      window.requestAnimationFrame(() => {
    589 |        cy.resize();
    590 |        cy.fit(cy.elements(), 48);
        |           ^
    591 |        cy.center(cy.elements());
    592 |      });

[2m3:01:19 PM[22m [31m[1m[vite][22m[39m [31m[2m(client)[22m[39m [31m[Unhandled error] [1mTypeError[22m: Cannot read properties of null (reading 'isHeadless')
[39m > Core.headless node_modules/cytoscape/dist/cytoscape.esm.mjs:20003:34
 > boundingBoxImpl node_modules/cytoscape/dist/cytoscape.esm.mjs:11542:20
 > cachedBoundingBoxImpl node_modules/cytoscape/dist/cytoscape.esm.mjs:11831:9
 > elesfn$b.boundingBox node_modules/cytoscape/dist/cytoscape.esm.mjs:11923:34
 > Core.getFitViewport node_modules/cytoscape/dist/cytoscape.esm.mjs:19446:24
 > Core.fit node_modules/cytoscape/dist/cytoscape.esm.mjs:19405:29
 > src/components/GraphExplorer.tsx:590:9
    588 |      window.requestAnimationFrame(() => {
    589 |        cy.resize();
    590 |        cy.fit(cy.elements(), 48);
        |           ^
    591 |        cy.center(cy.elements());
    592 |      });

[2m3:01:21 PM[22m [31m[1m[vite][22m[39m [31m[2m(client)[22m[39m [31m[Unhandled error] [1mTypeError[22m: Cannot read properties of null (reading 'isHeadless')
[39m > Core.headless node_modules/cytoscape/dist/cytoscape.esm.mjs:20003:34
 > boundingBoxImpl node_modules/cytoscape/dist/cytoscape.esm.mjs:11542:20
 > cachedBoundingBoxImpl node_modules/cytoscape/dist/cytoscape.esm.mjs:11831:9
 > elesfn$b.boundingBox node_modules/cytoscape/dist/cytoscape.esm.mjs:11923:34
 > Core.getFitViewport node_modules/cytoscape/dist/cytoscape.esm.mjs:19446:24
 > Core.fit node_modules/cytoscape/dist/cytoscape.esm.mjs:19405:29
 > src/components/GraphExplorer.tsx:590:9
    588 |      window.requestAnimationFrame(() => {
    589 |        cy.resize();
    590 |        cy.fit(cy.elements(), 48);
        |           ^
    591 |        cy.center(cy.elements());
    592 |      });

[2m3:01:27 PM[22m [31m[1m[vite][22m[39m [31m[2m(client)[22m[39m [31m[Unhandled error] [1mTypeError[22m: Cannot read properties of null (reading 'isHeadless')
[39m > Core.headless node_modules/cytoscape/dist/cytoscape.esm.mjs:20003:34
 > boundingBoxImpl node_modules/cytoscape/dist/cytoscape.esm.mjs:11542:20
 > cachedBoundingBoxImpl node_modules/cytoscape/dist/cytoscape.esm.mjs:11831:9
 > elesfn$b.boundingBox node_modules/cytoscape/dist/cytoscape.esm.mjs:11923:34
 > Core.getFitViewport node_modules/cytoscape/dist/cytoscape.esm.mjs:19446:24
 > Core.fit node_modules/cytoscape/dist/cytoscape.esm.mjs:19405:29
 > src/components/GraphExplorer.tsx:590:9
    588 |      window.requestAnimationFrame(() => {
    589 |        cy.resize();
    590 |        cy.fit(cy.elements(), 48);
        |           ^
    591 |        cy.center(cy.elements());
    592 |      });

[2m3:01:28 PM[22m [31m[1m[vite][22m[39m [31m[2m(client)[22m[39m [31m[Unhandled error] [1mTypeError[22m: Cannot read properties of null (reading 'isHeadless')
[39m > Core.headless node_modules/cytoscape/dist/cytoscape.esm.mjs:20003:34
 > boundingBoxImpl node_modules/cytoscape/dist/cytoscape.esm.mjs:11542:20
 > cachedBoundingBoxImpl node_modules/cytoscape/dist/cytoscape.esm.mjs:11831:9
 > elesfn$b.boundingBox node_modules/cytoscape/dist/cytoscape.esm.mjs:11923:34
 > Core.getFitViewport node_modules/cytoscape/dist/cytoscape.esm.mjs:19446:24
 > Core.fit node_modules/cytoscape/dist/cytoscape.esm.mjs:19405:29
 > src/components/GraphExplorer.tsx:590:9
    588 |      window.requestAnimationFrame(() => {
    589 |        cy.resize();
    590 |        cy.fit(cy.elements(), 48);
        |           ^
    591 |        cy.center(cy.elements());
    592 |      });

[2m3:01:31 PM[22m [31m[1m[vite][22m[39m [31m[2m(client)[22m[39m [31m[Unhandled error] [1mTypeError[22m: Cannot read properties of null (reading 'isHeadless')
[39m > Core.headless node_modules/cytoscape/dist/cytoscape.esm.mjs:20003:34
 > boundingBoxImpl node_modules/cytoscape/dist/cytoscape.esm.mjs:11542:20
 > cachedBoundingBoxImpl node_modules/cytoscape/dist/cytoscape.esm.mjs:11831:9
 > elesfn$b.boundingBox node_modules/cytoscape/dist/cytoscape.esm.mjs:11923:34
 > Core.getFitViewport node_modules/cytoscape/dist/cytoscape.esm.mjs:19446:24
 > Core.fit node_modules/cytoscape/dist/cytoscape.esm.mjs:19405:29
 > src/components/GraphExplorer.tsx:590:9
    588 |      window.requestAnimationFrame(() => {
    589 |        cy.resize();
    590 |        cy.fit(cy.elements(), 48);
        |           ^
    591 |        cy.center(cy.elements());
    592 |      });

[2m3:01:32 PM[22m [31m[1m[vite][22m[39m [31m[2m(client)[22m[39m [31m[Unhandled error] [1mTypeError[22m: Cannot read properties of null (reading 'isHeadless')
[39m > Core.headless node_modules/cytoscape/dist/cytoscape.esm.mjs:20003:34
 > boundingBoxImpl node_modules/cytoscape/dist/cytoscape.esm.mjs:11542:20
 > cachedBoundingBoxImpl node_modules/cytoscape/dist/cytoscape.esm.mjs:11831:9
 > elesfn$b.boundingBox node_modules/cytoscape/dist/cytoscape.esm.mjs:11923:34
 > Core.getFitViewport node_modules/cytoscape/dist/cytoscape.esm.mjs:19446:24
 > Core.fit node_modules/cytoscape/dist/cytoscape.esm.mjs:19405:29
 > src/components/GraphExplorer.tsx:590:9
    588 |      window.requestAnimationFrame(() => {
    589 |        cy.resize();
    590 |        cy.fit(cy.elements(), 48);
        |           ^
    591 |        cy.center(cy.elements());
    592 |      });

[2m3:01:33 PM[22m [31m[1m[vite][22m[39m [31m[2m(client)[22m[39m [31m[Unhandled error] [1mTypeError[22m: Cannot read properties of null (reading 'isHeadless')
[39m > Core.headless node_modules/cytoscape/dist/cytoscape.esm.mjs:20003:34
 > boundingBoxImpl node_modules/cytoscape/dist/cytoscape.esm.mjs:11542:20
 > cachedBoundingBoxImpl node_modules/cytoscape/dist/cytoscape.esm.mjs:11831:9
 > elesfn$b.boundingBox node_modules/cytoscape/dist/cytoscape.esm.mjs:11923:34
 > Core.getFitViewport node_modules/cytoscape/dist/cytoscape.esm.mjs:19446:24
 > Core.fit node_modules/cytoscape/dist/cytoscape.esm.mjs:19405:29
 > src/components/GraphExplorer.tsx:590:9
    588 |      window.requestAnimationFrame(() => {
    589 |        cy.resize();
    590 |        cy.fit(cy.elements(), 48);
        |           ^
    591 |        cy.center(cy.elements());
    592 |      });

[2m3:04:52 PM[22m [31m[1m[vite][22m[39m [31m[2m(client)[22m[39m [31m[Unhandled error] [1mTypeError[22m: Cannot read properties of null (reading 'isHeadless')
[39m > Core.headless node_modules/cytoscape/dist/cytoscape.esm.mjs:20003:34
 > boundingBoxImpl node_modules/cytoscape/dist/cytoscape.esm.mjs:11542:20
 > cachedBoundingBoxImpl node_modules/cytoscape/dist/cytoscape.esm.mjs:11831:9
 > elesfn$b.boundingBox node_modules/cytoscape/dist/cytoscape.esm.mjs:11923:34
 > Core.getFitViewport node_modules/cytoscape/dist/cytoscape.esm.mjs:19446:24
 > Core.fit node_modules/cytoscape/dist/cytoscape.esm.mjs:19405:29
 > src/components/GraphExplorer.tsx:590:9
    588 |      window.requestAnimationFrame(() => {
    589 |        cy.resize();
    590 |        cy.fit(cy.elements(), 48);
        |           ^
    591 |        cy.center(cy.elements());
    592 |      });

[2m3:04:53 PM[22m [31m[1m[vite][22m[39m [31m[2m(client)[22m[39m [31m[Unhandled error] [1mTypeError[22m: Cannot read properties of null (reading 'isHeadless')
[39m > Core.headless node_modules/cytoscape/dist/cytoscape.esm.mjs:20003:34
 > boundingBoxImpl node_modules/cytoscape/dist/cytoscape.esm.mjs:11542:20
 > cachedBoundingBoxImpl node_modules/cytoscape/dist/cytoscape.esm.mjs:11831:9
 > elesfn$b.boundingBox node_modules/cytoscape/dist/cytoscape.esm.mjs:11923:34
 > Core.getFitViewport node_modules/cytoscape/dist/cytoscape.esm.mjs:19446:24
 > Core.fit node_modules/cytoscape/dist/cytoscape.esm.mjs:19405:29
 > src/components/GraphExplorer.tsx:590:9
    588 |      window.requestAnimationFrame(() => {
    589 |        cy.resize();
    590 |        cy.fit(cy.elements(), 48);
        |           ^
    591 |        cy.center(cy.elements());
    592 |      });

[2m3:04:55 PM[22m [31m[1m[vite][22m[39m [31m[2m(client)[22m[39m [31m[Unhandled error] [1mTypeError[22m: Cannot read properties of null (reading 'isHeadless')
[39m > Core.headless node_modules/cytoscape/dist/cytoscape.esm.mjs:20003:34
 > boundingBoxImpl node_modules/cytoscape/dist/cytoscape.esm.mjs:11542:20
 > cachedBoundingBoxImpl node_modules/cytoscape/dist/cytoscape.esm.mjs:11831:9
 > elesfn$b.boundingBox node_modules/cytoscape/dist/cytoscape.esm.mjs:11923:34
 > Core.getFitViewport node_modules/cytoscape/dist/cytoscape.esm.mjs:19446:24
 > Core.fit node_modules/cytoscape/dist/cytoscape.esm.mjs:19405:29
 > src/components/GraphExplorer.tsx:590:9
    588 |      window.requestAnimationFrame(() => {
    589 |        cy.resize();
    590 |        cy.fit(cy.elements(), 48);
        |           ^
    591 |        cy.center(cy.elements());
    592 |      });

[2m3:04:55 PM[22m [31m[1m[vite][22m[39m [31m[2m(client)[22m[39m [31m[Unhandled error] [1mTypeError[22m: Cannot read properties of null (reading 'isHeadless')
[39m > Core.headless node_modules/cytoscape/dist/cytoscape.esm.mjs:20003:34
 > boundingBoxImpl node_modules/cytoscape/dist/cytoscape.esm.mjs:11542:20
 > cachedBoundingBoxImpl node_modules/cytoscape/dist/cytoscape.esm.mjs:11831:9
 > elesfn$b.boundingBox node_modules/cytoscape/dist/cytoscape.esm.mjs:11923:34
 > Core.getFitViewport node_modules/cytoscape/dist/cytoscape.esm.mjs:19446:24
 > Core.fit node_modules/cytoscape/dist/cytoscape.esm.mjs:19405:29
 > src/components/GraphExplorer.tsx:590:9
    588 |      window.requestAnimationFrame(() => {
    589 |        cy.resize();
    590 |        cy.fit(cy.elements(), 48);
        |           ^
    591 |        cy.center(cy.elements());
    592 |      });

[2m3:04:57 PM[22m [31m[1m[vite][22m[39m [31m[2m(client)[22m[39m [31m[Unhandled error] [1mTypeError[22m: Cannot read properties of null (reading 'isHeadless')
[39m > Core.headless node_modules/cytoscape/dist/cytoscape.esm.mjs:20003:34
 > boundingBoxImpl node_modules/cytoscape/dist/cytoscape.esm.mjs:11542:20
 > cachedBoundingBoxImpl node_modules/cytoscape/dist/cytoscape.esm.mjs:11831:9
 > elesfn$b.boundingBox node_modules/cytoscape/dist/cytoscape.esm.mjs:11923:34
 > Core.getFitViewport node_modules/cytoscape/dist/cytoscape.esm.mjs:19446:24
 > Core.fit node_modules/cytoscape/dist/cytoscape.esm.mjs:19405:29
 > src/components/GraphExplorer.tsx:590:9
    588 |      window.requestAnimationFrame(() => {
    589 |        cy.resize();
    590 |        cy.fit(cy.elements(), 48);
        |           ^
    591 |        cy.center(cy.elements());
    592 |      });

[2m3:04:57 PM[22m [31m[1m[vite][22m[39m [31m[2m(client)[22m[39m [31m[Unhandled error] [1mTypeError[22m: Cannot read properties of null (reading 'isHeadless')
[39m > Core.headless node_modules/cytoscape/dist/cytoscape.esm.mjs:20003:34
 > boundingBoxImpl node_modules/cytoscape/dist/cytoscape.esm.mjs:11542:20
 > cachedBoundingBoxImpl node_modules/cytoscape/dist/cytoscape.esm.mjs:11831:9
 > elesfn$b.boundingBox node_modules/cytoscape/dist/cytoscape.esm.mjs:11923:34
 > Core.getFitViewport node_modules/cytoscape/dist/cytoscape.esm.mjs:19446:24
 > Core.fit node_modules/cytoscape/dist/cytoscape.esm.mjs:19405:29
 > src/components/GraphExplorer.tsx:590:9
    588 |      window.requestAnimationFrame(() => {
    589 |        cy.resize();
    590 |        cy.fit(cy.elements(), 48);
        |           ^
    591 |        cy.center(cy.elements());
    592 |      });

[2m3:04:58 PM[22m [31m[1m[vite][22m[39m [31m[2m(client)[22m[39m [31m[Unhandled error] [1mTypeError[22m: Cannot read properties of null (reading 'isHeadless')
[39m > Core.headless node_modules/cytoscape/dist/cytoscape.esm.mjs:20003:34
 > boundingBoxImpl node_modules/cytoscape/dist/cytoscape.esm.mjs:11542:20
 > cachedBoundingBoxImpl node_modules/cytoscape/dist/cytoscape.esm.mjs:11831:9
 > elesfn$b.boundingBox node_modules/cytoscape/dist/cytoscape.esm.mjs:11923:34
 > Core.getFitViewport node_modules/cytoscape/dist/cytoscape.esm.mjs:19446:24
 > Core.fit node_modules/cytoscape/dist/cytoscape.esm.mjs:19405:29
 > src/components/GraphExplorer.tsx:590:9
    588 |      window.requestAnimationFrame(() => {
    589 |        cy.resize();
    590 |        cy.fit(cy.elements(), 48);
        |           ^
    591 |        cy.center(cy.elements());
    592 |      });

[2m3:04:59 PM[22m [31m[1m[vite][22m[39m [31m[2m(client)[22m[39m [31m[Unhandled error] [1mTypeError[22m: Cannot read properties of null (reading 'isHeadless')
[39m > Core.headless node_modules/cytoscape/dist/cytoscape.esm.mjs:20003:34
 > boundingBoxImpl node_modules/cytoscape/dist/cytoscape.esm.mjs:11542:20
 > cachedBoundingBoxImpl node_modules/cytoscape/dist/cytoscape.esm.mjs:11831:9
 > elesfn$b.boundingBox node_modules/cytoscape/dist/cytoscape.esm.mjs:11923:34
 > Core.getFitViewport node_modules/cytoscape/dist/cytoscape.esm.mjs:19446:24
 > Core.fit node_modules/cytoscape/dist/cytoscape.esm.mjs:19405:29
 > src/components/GraphExplorer.tsx:590:9
    588 |      window.requestAnimationFrame(() => {
    589 |        cy.resize();
    590 |        cy.fit(cy.elements(), 48);
        |           ^
    591 |        cy.center(cy.elements());
    592 |      });

[2m3:05:00 PM[22m [31m[1m[vite][22m[39m [31m[2m(client)[22m[39m [31m[Unhandled error] [1mTypeError[22m: Cannot read properties of null (reading 'isHeadless')
[39m > Core.headless node_modules/cytoscape/dist/cytoscape.esm.mjs:20003:34
 > boundingBoxImpl node_modules/cytoscape/dist/cytoscape.esm.mjs:11542:20
 > cachedBoundingBoxImpl node_modules/cytoscape/dist/cytoscape.esm.mjs:11831:9
 > elesfn$b.boundingBox node_modules/cytoscape/dist/cytoscape.esm.mjs:11923:34
 > Core.getFitViewport node_modules/cytoscape/dist/cytoscape.esm.mjs:19446:24
 > Core.fit node_modules/cytoscape/dist/cytoscape.esm.mjs:19405:29
 > src/components/GraphExplorer.tsx:590:9
    588 |      window.requestAnimationFrame(() => {
    589 |        cy.resize();
    590 |        cy.fit(cy.elements(), 48);
        |           ^
    591 |        cy.center(cy.elements());
    592 |      });

[2m3:05:01 PM[22m [31m[1m[vite][22m[39m [31m[2m(client)[22m[39m [31m[Unhandled error] [1mTypeError[22m: Cannot read properties of null (reading 'isHeadless')
[39m > Core.headless node_modules/cytoscape/dist/cytoscape.esm.mjs:20003:34
 > boundingBoxImpl node_modules/cytoscape/dist/cytoscape.esm.mjs:11542:20
 > cachedBoundingBoxImpl node_modules/cytoscape/dist/cytoscape.esm.mjs:11831:9
 > elesfn$b.boundingBox node_modules/cytoscape/dist/cytoscape.esm.mjs:11923:34
 > Core.getFitViewport node_modules/cytoscape/dist/cytoscape.esm.mjs:19446:24
 > Core.fit node_modules/cytoscape/dist/cytoscape.esm.mjs:19405:29
 > src/components/GraphExplorer.tsx:590:9
    588 |      window.requestAnimationFrame(() => {
    589 |        cy.resize();
    590 |        cy.fit(cy.elements(), 48);
        |           ^
    591 |        cy.center(cy.elements());
    592 |      });

[2m3:05:01 PM[22m [31m[1m[vite][22m[39m [31m[2m(client)[22m[39m [31m[Unhandled error] [1mTypeError[22m: Cannot read properties of null (reading 'isHeadless')
[39m > Core.headless node_modules/cytoscape/dist/cytoscape.esm.mjs:20003:34
 > boundingBoxImpl node_modules/cytoscape/dist/cytoscape.esm.mjs:11542:20
 > cachedBoundingBoxImpl node_modules/cytoscape/dist/cytoscape.esm.mjs:11831:9
 > elesfn$b.boundingBox node_modules/cytoscape/dist/cytoscape.esm.mjs:11923:34
 > Core.getFitViewport node_modules/cytoscape/dist/cytoscape.esm.mjs:19446:24
 > Core.fit node_modules/cytoscape/dist/cytoscape.esm.mjs:19405:29
 > src/components/GraphExplorer.tsx:590:9
    588 |      window.requestAnimationFrame(() => {
    589 |        cy.resize();
    590 |        cy.fit(cy.elements(), 48);
        |           ^
    591 |        cy.center(cy.elements());
    592 |      });

[2m3:06:42 PM[22m [31m[1m[vite][22m[39m [31m[2m(client)[22m[39m [31m[Unhandled error] [1mTypeError[22m: Cannot read properties of null (reading 'isHeadless')
[39m > Core.headless node_modules/cytoscape/dist/cytoscape.esm.mjs:20003:34
 > boundingBoxImpl node_modules/cytoscape/dist/cytoscape.esm.mjs:11542:20
 > cachedBoundingBoxImpl node_modules/cytoscape/dist/cytoscape.esm.mjs:11831:9
 > elesfn$b.boundingBox node_modules/cytoscape/dist/cytoscape.esm.mjs:11923:34
 > Core.getFitViewport node_modules/cytoscape/dist/cytoscape.esm.mjs:19446:24
 > Core.fit node_modules/cytoscape/dist/cytoscape.esm.mjs:19405:29
 > src/components/GraphExplorer.tsx:590:9
    588 |      window.requestAnimationFrame(() => {
    589 |        cy.resize();
    590 |        cy.fit(cy.elements(), 48);
        |           ^
    591 |        cy.center(cy.elements());
    592 |      });

[2m3:06:54 PM[22m [31m[1m[vite][22m[39m [31m[2m(client)[22m[39m [31m[Unhandled error] [1mTypeError[22m: Cannot read properties of null (reading 'isHeadless')
[39m > Core.headless node_modules/cytoscape/dist/cytoscape.esm.mjs:20003:34
 > boundingBoxImpl node_modules/cytoscape/dist/cytoscape.esm.mjs:11542:20
 > cachedBoundingBoxImpl node_modules/cytoscape/dist/cytoscape.esm.mjs:11831:9
 > elesfn$b.boundingBox node_modules/cytoscape/dist/cytoscape.esm.mjs:11923:34
 > Core.getFitViewport node_modules/cytoscape/dist/cytoscape.esm.mjs:19446:24
 > Core.fit node_modules/cytoscape/dist/cytoscape.esm.mjs:19405:29
 > src/components/GraphExplorer.tsx:590:9
    588 |      window.requestAnimationFrame(() => {
    589 |        cy.resize();
    590 |        cy.fit(cy.elements(), 48);
        |           ^
    591 |        cy.center(cy.elements());
    592 |      });

[2m3:07:06 PM[22m [31m[1m[vite][22m[39m [31m[2m(client)[22m[39m [31m[Unhandled error] [1mTypeError[22m: Cannot read properties of null (reading 'isHeadless')
[39m > Core.headless node_modules/cytoscape/dist/cytoscape.esm.mjs:20003:34
 > boundingBoxImpl node_modules/cytoscape/dist/cytoscape.esm.mjs:11542:20
 > cachedBoundingBoxImpl node_modules/cytoscape/dist/cytoscape.esm.mjs:11831:9
 > elesfn$b.boundingBox node_modules/cytoscape/dist/cytoscape.esm.mjs:11923:34
 > Core.getFitViewport node_modules/cytoscape/dist/cytoscape.esm.mjs:19446:24
 > Core.fit node_modules/cytoscape/dist/cytoscape.esm.mjs:19405:29
 > src/components/GraphExplorer.tsx:590:9
    588 |      window.requestAnimationFrame(() => {
    589 |        cy.resize();
    590 |        cy.fit(cy.elements(), 48);
        |           ^
    591 |        cy.center(cy.elements());
    592 |      });

[2m3:07:09 PM[22m [31m[1m[vite][22m[39m [31m[2m(client)[22m[39m [31m[Unhandled error] [1mTypeError[22m: Cannot read properties of null (reading 'isHeadless')
[39m > Core.headless node_modules/cytoscape/dist/cytoscape.esm.mjs:20003:34
 > boundingBoxImpl node_modules/cytoscape/dist/cytoscape.esm.mjs:11542:20
 > cachedBoundingBoxImpl node_modules/cytoscape/dist/cytoscape.esm.mjs:11831:9
 > elesfn$b.boundingBox node_modules/cytoscape/dist/cytoscape.esm.mjs:11923:34
 > Core.getFitViewport node_modules/cytoscape/dist/cytoscape.esm.mjs:19446:24
 > Core.fit node_modules/cytoscape/dist/cytoscape.esm.mjs:19405:29
 > src/components/GraphExplorer.tsx:590:9
    588 |      window.requestAnimationFrame(() => {
    589 |        cy.resize();
    590 |        cy.fit(cy.elements(), 48);
        |           ^
    591 |        cy.center(cy.elements());
    592 |      });

[2m3:07:22 PM[22m [31m[1m[vite][22m[39m [31m[2m(client)[22m[39m [31m[Unhandled error] [1mTypeError[22m: Cannot read properties of null (reading 'isHeadless')
[39m > Core.headless node_modules/cytoscape/dist/cytoscape.esm.mjs:20003:34
 > boundingBoxImpl node_modules/cytoscape/dist/cytoscape.esm.mjs:11542:20
 > cachedBoundingBoxImpl node_modules/cytoscape/dist/cytoscape.esm.mjs:11831:9
 > elesfn$b.boundingBox node_modules/cytoscape/dist/cytoscape.esm.mjs:11923:34
 > Core.getFitViewport node_modules/cytoscape/dist/cytoscape.esm.mjs:19446:24
 > Core.fit node_modules/cytoscape/dist/cytoscape.esm.mjs:19405:29
 > src/components/GraphExplorer.tsx:590:9
    588 |      window.requestAnimationFrame(() => {
    589 |        cy.resize();
    590 |        cy.fit(cy.elements(), 48);
        |           ^
    591 |        cy.center(cy.elements());
    592 |      });

[2m3:07:28 PM[22m [31m[1m[vite][22m[39m [31m[2m(client)[22m[39m [31m[Unhandled error] [1mTypeError[22m: Cannot read properties of null (reading 'isHeadless')
[39m > Core.headless node_modules/cytoscape/dist/cytoscape.esm.mjs:20003:34
 > boundingBoxImpl node_modules/cytoscape/dist/cytoscape.esm.mjs:11542:20
 > cachedBoundingBoxImpl node_modules/cytoscape/dist/cytoscape.esm.mjs:11831:9
 > elesfn$b.boundingBox node_modules/cytoscape/dist/cytoscape.esm.mjs:11923:34
 > Core.getFitViewport node_modules/cytoscape/dist/cytoscape.esm.mjs:19446:24
 > Core.fit node_modules/cytoscape/dist/cytoscape.esm.mjs:19405:29
 > src/components/GraphExplorer.tsx:590:9
    588 |      window.requestAnimationFrame(() => {
    589 |        cy.resize();
    590 |        cy.fit(cy.elements(), 48);
        |           ^
    591 |        cy.center(cy.elements());
    592 |      });

[2m3:28:55 PM[22m [31m[1m[vite][22m[39m [31m[2m(client)[22m[39m [31m[Unhandled error] [1mTypeError[22m: Cannot read properties of null (reading 'isHeadless')
[39m > Core.headless node_modules/cytoscape/dist/cytoscape.esm.mjs:20003:34
 > boundingBoxImpl node_modules/cytoscape/dist/cytoscape.esm.mjs:11542:20
 > cachedBoundingBoxImpl node_modules/cytoscape/dist/cytoscape.esm.mjs:11831:9
 > elesfn$b.boundingBox node_modules/cytoscape/dist/cytoscape.esm.mjs:11923:34
 > Core.getFitViewport node_modules/cytoscape/dist/cytoscape.esm.mjs:19446:24
 > Core.fit node_modules/cytoscape/dist/cytoscape.esm.mjs:19405:29
 > src/components/GraphExplorer.tsx:590:9
    588 |      window.requestAnimationFrame(() => {
    589 |        cy.resize();
    590 |        cy.fit(cy.elements(), 48);
        |           ^
    591 |        cy.center(cy.elements());
    592 |      });

[2m3:29:09 PM[22m [31m[1m[vite][22m[39m [31m[2m(client)[22m[39m [31m[Unhandled error] [1mTypeError[22m: Cannot read properties of null (reading 'isHeadless')
[39m > Core.headless node_modules/cytoscape/dist/cytoscape.esm.mjs:20003:34
 > boundingBoxImpl node_modules/cytoscape/dist/cytoscape.esm.mjs:11542:20
 > cachedBoundingBoxImpl node_modules/cytoscape/dist/cytoscape.esm.mjs:11831:9
 > elesfn$b.boundingBox node_modules/cytoscape/dist/cytoscape.esm.mjs:11923:34
 > Core.getFitViewport node_modules/cytoscape/dist/cytoscape.esm.mjs:19446:24
 > Core.fit node_modules/cytoscape/dist/cytoscape.esm.mjs:19405:29
 > src/components/GraphExplorer.tsx:590:9
    588 |      window.requestAnimationFrame(() => {
    589 |        cy.resize();
    590 |        cy.fit(cy.elements(), 48);
        |           ^
    591 |        cy.center(cy.elements());
    592 |      });

[2m3:29:10 PM[22m [31m[1m[vite][22m[39m [31m[2m(client)[22m[39m [31m[Unhandled error] [1mTypeError[22m: Cannot read properties of null (reading 'isHeadless')
[39m > Core.headless node_modules/cytoscape/dist/cytoscape.esm.mjs:20003:34
 > boundingBoxImpl node_modules/cytoscape/dist/cytoscape.esm.mjs:11542:20
 > cachedBoundingBoxImpl node_modules/cytoscape/dist/cytoscape.esm.mjs:11831:9
 > elesfn$b.boundingBox node_modules/cytoscape/dist/cytoscape.esm.mjs:11923:34
 > Core.getFitViewport node_modules/cytoscape/dist/cytoscape.esm.mjs:19446:24
 > Core.fit node_modules/cytoscape/dist/cytoscape.esm.mjs:19405:29
 > src/components/GraphExplorer.tsx:590:9
    588 |      window.requestAnimationFrame(() => {
    589 |        cy.resize();
    590 |        cy.fit(cy.elements(), 48);
        |           ^
    591 |        cy.center(cy.elements());
    592 |      });

