[2m5:16:49 PM[22m [31m[1m[vite][22m[39m [31m[2m(client)[22m[39m [31m[Unhandled error] [1mTypeError[22m: Cannot read properties of null (reading 'isHeadless')
[39m > Core.headless node_modules/cytoscape/dist/cytoscape.esm.mjs:20003:34
 > boundingBoxImpl node_modules/cytoscape/dist/cytoscape.esm.mjs:11542:20
 > cachedBoundingBoxImpl node_modules/cytoscape/dist/cytoscape.esm.mjs:11831:9
 > elesfn$b.boundingBox node_modules/cytoscape/dist/cytoscape.esm.mjs:11923:34
 > Core.getFitViewport node_modules/cytoscape/dist/cytoscape.esm.mjs:19446:24
 > Core.fit node_modules/cytoscape/dist/cytoscape.esm.mjs:19405:29
 > src/components/GraphExplorer.tsx:591:9
    589 |      window.requestAnimationFrame(() => {
    590 |        cy.resize();
    591 |        cy.fit(cy.elements(), 48);
        |           ^
    592 |        cy.center(cy.elements());
    593 |      });

[2m5:16:56 PM[22m [31m[1m[vite][22m[39m [31m[2m(client)[22m[39m [31m[Unhandled error] [1mTypeError[22m: Cannot read properties of null (reading 'isHeadless')
[39m > Core.headless node_modules/cytoscape/dist/cytoscape.esm.mjs:20003:34
 > boundingBoxImpl node_modules/cytoscape/dist/cytoscape.esm.mjs:11542:20
 > cachedBoundingBoxImpl node_modules/cytoscape/dist/cytoscape.esm.mjs:11831:9
 > elesfn$b.boundingBox node_modules/cytoscape/dist/cytoscape.esm.mjs:11923:34
 > Core.getFitViewport node_modules/cytoscape/dist/cytoscape.esm.mjs:19446:24
 > Core.fit node_modules/cytoscape/dist/cytoscape.esm.mjs:19405:29
 > src/components/GraphExplorer.tsx:591:9
    589 |      window.requestAnimationFrame(() => {
    590 |        cy.resize();
    591 |        cy.fit(cy.elements(), 48);
        |           ^
    592 |        cy.center(cy.elements());
    593 |      });

[2m5:17:15 PM[22m [31m[1m[vite][22m[39m [31m[2m(client)[22m[39m [31m[Unhandled error] [1mTypeError[22m: Cannot read properties of null (reading 'isHeadless')
[39m > Core.headless node_modules/cytoscape/dist/cytoscape.esm.mjs:20003:34
 > boundingBoxImpl node_modules/cytoscape/dist/cytoscape.esm.mjs:11542:20
 > cachedBoundingBoxImpl node_modules/cytoscape/dist/cytoscape.esm.mjs:11831:9
 > elesfn$b.boundingBox node_modules/cytoscape/dist/cytoscape.esm.mjs:11923:34
 > Core.getFitViewport node_modules/cytoscape/dist/cytoscape.esm.mjs:19446:24
 > Core.fit node_modules/cytoscape/dist/cytoscape.esm.mjs:19405:29
 > src/components/GraphExplorer.tsx:591:9
    589 |      window.requestAnimationFrame(() => {
    590 |        cy.resize();
    591 |        cy.fit(cy.elements(), 48);
        |           ^
    592 |        cy.center(cy.elements());
    593 |      });

[2m5:17:35 PM[22m [31m[1m[vite][22m[39m [31m[2m(client)[22m[39m [31m[Unhandled error] [1mTypeError[22m: Cannot read properties of null (reading 'isHeadless')
[39m > Core.headless node_modules/cytoscape/dist/cytoscape.esm.mjs:20003:34
 > boundingBoxImpl node_modules/cytoscape/dist/cytoscape.esm.mjs:11542:20
 > cachedBoundingBoxImpl node_modules/cytoscape/dist/cytoscape.esm.mjs:11831:9
 > elesfn$b.boundingBox node_modules/cytoscape/dist/cytoscape.esm.mjs:11923:34
 > Core.getFitViewport node_modules/cytoscape/dist/cytoscape.esm.mjs:19446:24
 > Core.fit node_modules/cytoscape/dist/cytoscape.esm.mjs:19405:29
 > src/components/GraphExplorer.tsx:591:9
    589 |      window.requestAnimationFrame(() => {
    590 |        cy.resize();
    591 |        cy.fit(cy.elements(), 48);
        |           ^
    592 |        cy.center(cy.elements());
    593 |      });

[2m5:18:13 PM[22m [31m[1m[vite][22m[39m [31m[2m(client)[22m[39m [31m[Unhandled error] [1mTypeError[22m: Cannot read properties of null (reading 'isHeadless')
[39m > Core.headless node_modules/cytoscape/dist/cytoscape.esm.mjs:20003:34
 > boundingBoxImpl node_modules/cytoscape/dist/cytoscape.esm.mjs:11542:20
 > cachedBoundingBoxImpl node_modules/cytoscape/dist/cytoscape.esm.mjs:11831:9
 > elesfn$b.boundingBox node_modules/cytoscape/dist/cytoscape.esm.mjs:11923:34
 > Core.getFitViewport node_modules/cytoscape/dist/cytoscape.esm.mjs:19446:24
 > Core.fit node_modules/cytoscape/dist/cytoscape.esm.mjs:19405:29
 > src/components/GraphExplorer.tsx:591:9
    589 |      window.requestAnimationFrame(() => {
    590 |        cy.resize();
    591 |        cy.fit(cy.elements(), 48);
        |           ^
    592 |        cy.center(cy.elements());
    593 |      });

[2m5:18:44 PM[22m [31m[1m[vite][22m[39m [31m[2m(client)[22m[39m [31m[Unhandled error] [1mTypeError[22m: Cannot read properties of null (reading 'isHeadless')
[39m > Core.headless node_modules/cytoscape/dist/cytoscape.esm.mjs:20003:34
 > boundingBoxImpl node_modules/cytoscape/dist/cytoscape.esm.mjs:11542:20
 > cachedBoundingBoxImpl node_modules/cytoscape/dist/cytoscape.esm.mjs:11831:9
 > elesfn$b.boundingBox node_modules/cytoscape/dist/cytoscape.esm.mjs:11923:34
 > Core.getFitViewport node_modules/cytoscape/dist/cytoscape.esm.mjs:19446:24
 > Core.fit node_modules/cytoscape/dist/cytoscape.esm.mjs:19405:29
 > src/components/GraphExplorer.tsx:591:9
    589 |      window.requestAnimationFrame(() => {
    590 |        cy.resize();
    591 |        cy.fit(cy.elements(), 48);
        |           ^
    592 |        cy.center(cy.elements());
    593 |      });

